<?xml version="1.0" encoding="UTF-8"?>
<!-- Generated by org.testng.reporters.JUnitReportReporter -->
<testsuite hostname="abhi-PC" name="com.seleniumPOM.utilities.DataValidation" tests="1" failures="0" timestamp="17 Nov 2019 07:38:58 GMT" time="0.027" errors="0">
  <testcase name="test" time="0.027" classname="com.seleniumPOM.utilities.DataValidation"/>
</testsuite> <!-- com.seleniumPOM.utilities.DataValidation -->
