<?xml version="1.0" encoding="UTF-8"?>
<!-- Generated by org.testng.reporters.JUnitReportReporter -->
<testsuite hostname="abhi-PC" name="com.seleniumPOM.testcases.LoginTest" tests="1" failures="0" timestamp="14 Oct 2019 14:04:03 GMT" time="59.074" errors="0">
  <testcase name="getLogin" time="59.074" classname="com.seleniumPOM.testcases.LoginTest"/>
</testsuite> <!-- com.seleniumPOM.testcases.LoginTest -->
